2026-01-15 13:39:08,016 - INFO - ⚡ Iniciando Navegador (Modo Visible para ThePowerMBA)...
2026-01-15 13:39:08,018 - INFO - ====== WebDriver manager ======
2026-01-15 13:39:11,137 - INFO - Get LATEST chromedriver version for google-chrome
2026-01-15 13:39:11,210 - INFO - Get LATEST chromedriver version for google-chrome
2026-01-15 13:39:11,247 - INFO - There is no [win64] chromedriver "143.0.7499.192" for browser google-chrome "143.0.7499" in cache
2026-01-15 13:39:11,249 - INFO - Get LATEST chromedriver version for google-chrome
2026-01-15 13:39:11,374 - INFO - WebDriver version 143.0.7499.192 selected
2026-01-15 13:39:11,383 - INFO - Modern chrome version https://storage.googleapis.com/chrome-for-testing-public/143.0.7499.192/win32/chromedriver-win32.zip
2026-01-15 13:39:11,383 - INFO - About to download new driver from https://storage.googleapis.com/chrome-for-testing-public/143.0.7499.192/win32/chromedriver-win32.zip
2026-01-15 13:39:11,441 - INFO - Driver downloading response is 200
2026-01-15 13:39:11,662 - INFO - Get LATEST chromedriver version for google-chrome
2026-01-15 13:39:12,202 - INFO - Driver has been saved in cache [C:\Users\manue\.wdm\drivers\chromedriver\win64\143.0.7499.192]
2026-01-15 13:39:17,411 - INFO - ✅ Navegador listo.
2026-01-15 13:39:17,414 - INFO - 🔐 Intentando login en: https://app.thepowermba.com/
2026-01-15 13:39:26,667 - INFO - Escribiendo email...
2026-01-15 13:39:28,470 - INFO - Escribiendo password...
2026-01-15 13:39:30,187 - INFO - Haciendo click en entrar...
2026-01-15 13:39:30,699 - INFO - ⏳ Esperando acceso...
2026-01-15 13:39:30,732 - INFO - ✅ Login exitoso detectado.
2026-01-15 13:39:37,885 - INFO - Test de Login completado. Cerrando.
2026-01-15 13:39:58,648 - INFO - 👋 Agente finalizado.
2026-01-15 13:44:46,056 - INFO - ⚡ Iniciando Navegador (Modo Visible para ThePowerMBA)...
2026-01-15 13:44:46,056 - INFO - ====== WebDriver manager ======
2026-01-15 13:44:47,423 - INFO - Get LATEST chromedriver version for google-chrome
2026-01-15 13:44:47,475 - INFO - Get LATEST chromedriver version for google-chrome
2026-01-15 13:44:47,540 - INFO - Driver [C:\Users\manue\.wdm\drivers\chromedriver\win64\143.0.7499.192\chromedriver-win32/chromedriver.exe] found in cache
2026-01-15 13:44:50,166 - INFO - ✅ Navegador listo.
2026-01-15 13:44:50,167 - INFO - 🔐 Intentando login en: https://app.thepowermba.com/
2026-01-15 13:44:55,157 - INFO - Escribiendo email...
2026-01-15 13:44:56,984 - INFO - Escribiendo password...
2026-01-15 13:44:58,270 - INFO - Haciendo click en entrar...
2026-01-15 13:44:58,367 - INFO - ⏳ Esperando acceso...
2026-01-15 13:44:58,375 - INFO - ✅ Login exitoso detectado.
2026-01-15 13:45:04,028 - INFO - 🗺️ Iniciando mapeo del curso...
2026-01-15 13:45:04,033 - WARNING - ⚠️ Mapeo automático completo pendiente. Usando URL actual: https://app.thepowermba.com/
2026-01-15 13:45:04,035 - INFO - ▶️ Procesando: Leccion_Actual
2026-01-15 13:45:04,314 - INFO - 📄 PDF generado.
2026-01-15 13:45:04,423 - INFO - No se detectó video iframe.
2026-01-15 13:45:06,727 - INFO - 👋 Agente finalizado.
